musicplugin/build/intermediates/manifest_merge_blame_file/phoneRelease/processPhoneReleaseMainManifest/manifest-merger-blame-phone-release-report.txt
1<?xml version="1.0" encoding="utf-8"?>
2<manifest xmlns:android="http://schemas.android.com/apk/res/android"
3    package="com.example.musicplugin"
4    android:versionCode="35"
5    android:versionName="1.2.8" >
6
7    <uses-sdk
8        android:minSdkVersion="29"
9        android:targetSdkVersion="34" />
10
11    <uses-permission
11-->src/main/AndroidManifest.xml:5:5-6:38
12        android:name="android.permission.READ_EXTERNAL_STORAGE"
12-->src/main/AndroidManifest.xml:5:22-77
13        android:maxSdkVersion="32" />
13-->src/main/AndroidManifest.xml:6:9-35
14    <uses-permission android:name="android.permission.READ_MEDIA_AUDIO" />
14-->src/main/AndroidManifest.xml:7:5-75
14-->src/main/AndroidManifest.xml:7:22-72
15    <uses-permission android:name="android.permission.MANAGE_EXTERNAL_STORAGE" />
15-->src/main/AndroidManifest.xml:8:5-9:40
15-->src/main/AndroidManifest.xml:8:22-79
16    <uses-permission android:name="android.permission.INTERNET" />
16-->src/main/AndroidManifest.xml:10:5-67
16-->src/main/AndroidManifest.xml:10:22-64
17    <uses-permission android:name="android.permission.ACCESS_NETWORK_STATE" />
17-->src/main/AndroidManifest.xml:11:5-79
17-->src/main/AndroidManifest.xml:11:22-76
18    <uses-permission android:name="android.permission.ACCESS_WIFI_STATE" />
18-->src/main/AndroidManifest.xml:12:5-76
18-->src/main/AndroidManifest.xml:12:22-73
19    <uses-permission android:name="android.permission.CHANGE_WIFI_MULTICAST_STATE" />
19-->src/main/AndroidManifest.xml:13:5-86
19-->src/main/AndroidManifest.xml:13:22-83
20    <uses-permission android:name="android.permission.FOREGROUND_SERVICE" />
20-->src/main/AndroidManifest.xml:14:5-77
20-->src/main/AndroidManifest.xml:14:22-74
21    <uses-permission android:name="android.permission.FOREGROUND_SERVICE_MEDIA_PLAYBACK" />
21-->src/main/AndroidManifest.xml:15:5-92
21-->src/main/AndroidManifest.xml:15:22-89
22    <uses-permission android:name="android.permission.POST_NOTIFICATIONS" />
22-->src/main/AndroidManifest.xml:16:5-77
22-->src/main/AndroidManifest.xml:16:22-74
23    <uses-permission android:name="android.permission.WAKE_LOCK" />
23-->src/main/AndroidManifest.xml:17:5-68
23-->src/main/AndroidManifest.xml:17:22-65
24    <!-- v1.1.7：听歌识曲悬浮球所需权限 -->
25    <uses-permission android:name="android.permission.SYSTEM_ALERT_WINDOW" />
25-->src/main/AndroidManifest.xml:19:5-78
25-->src/main/AndroidManifest.xml:19:22-75
26    <uses-permission android:name="android.permission.RECORD_AUDIO" />
26-->src/main/AndroidManifest.xml:20:5-71
26-->src/main/AndroidManifest.xml:20:22-68
27    <uses-permission android:name="android.permission.FOREGROUND_SERVICE_MICROPHONE" />
27-->src/main/AndroidManifest.xml:21:5-88
27-->src/main/AndroidManifest.xml:21:22-85
28    <uses-permission android:name="android.permission.FOREGROUND_SERVICE_SPECIAL_USE" />
28-->src/main/AndroidManifest.xml:22:5-89
28-->src/main/AndroidManifest.xml:22:22-86
29
30    <permission
30-->[androidx.core:core:1.13.1] AndroidManifest.xml:22:5-24:47
31        android:name="com.example.musicplugin.DYNAMIC_RECEIVER_NOT_EXPORTED_PERMISSION"
31-->[androidx.core:core:1.13.1] AndroidManifest.xml:23:9-81
32        android:protectionLevel="signature" />
32-->[androidx.core:core:1.13.1] AndroidManifest.xml:24:9-44
33
34    <uses-permission android:name="com.example.musicplugin.DYNAMIC_RECEIVER_NOT_EXPORTED_PERMISSION" />
34-->[androidx.core:core:1.13.1] AndroidManifest.xml:26:5-97
34-->[androidx.core:core:1.13.1] AndroidManifest.xml:26:22-94
35
36    <application
36-->src/main/AndroidManifest.xml:24:5-103:19
37        android:allowBackup="true"
37-->src/main/AndroidManifest.xml:25:9-35
38        android:appComponentFactory="androidx.core.app.CoreComponentFactory"
38-->[androidx.core:core:1.13.1] AndroidManifest.xml:28:18-86
39        android:extractNativeLibs="false"
40        android:icon="@mipmap/ic_launcher"
40-->src/main/AndroidManifest.xml:26:9-43
41        android:label="@string/app_name"
41-->src/main/AndroidManifest.xml:27:9-41
42        android:requestLegacyExternalStorage="true"
42-->src/main/AndroidManifest.xml:29:9-52
43        android:roundIcon="@mipmap/ic_launcher_round"
43-->src/main/AndroidManifest.xml:28:9-54
44        android:supportsRtl="true"
44-->src/main/AndroidManifest.xml:30:9-35
45        android:theme="@style/Theme.MusicPlugin"
45-->src/main/AndroidManifest.xml:31:9-49
46        android:usesCleartextTraffic="true" >
46-->src/main/AndroidManifest.xml:32:9-44
47        <activity
47-->src/main/AndroidManifest.xml:35:9-48:20
48            android:name="com.example.musicplugin.MainActivity"
48-->src/main/AndroidManifest.xml:36:13-41
49            android:exported="true"
49-->src/main/AndroidManifest.xml:37:13-36
50            android:launchMode="singleTop" >
50-->src/main/AndroidManifest.xml:38:13-43
51
52            <!-- v1.1.7：桌面图标恢复，纯黑背景 + 居中绿色音符 -->
53            <intent-filter>
53-->src/main/AndroidManifest.xml:40:13-43:29
54                <action android:name="android.intent.action.MAIN" />
54-->src/main/AndroidManifest.xml:41:17-69
54-->src/main/AndroidManifest.xml:41:25-66
55
56                <category android:name="android.intent.category.LAUNCHER" />
56-->src/main/AndroidManifest.xml:42:17-77
56-->src/main/AndroidManifest.xml:42:27-74
57            </intent-filter>
58            <intent-filter>
58-->src/main/AndroidManifest.xml:44:13-47:29
59                <action android:name="com.example.filemanager.OPEN_MUSIC_PLUGIN" />
59-->src/main/AndroidManifest.xml:45:17-84
59-->src/main/AndroidManifest.xml:45:25-81
60
61                <category android:name="android.intent.category.DEFAULT" />
61-->src/main/AndroidManifest.xml:46:17-76
61-->src/main/AndroidManifest.xml:46:27-73
62            </intent-filter>
63        </activity>
64        <activity
64-->src/main/AndroidManifest.xml:50:9-53:77
65            android:name="com.example.musicplugin.LoginWebActivity"
65-->src/main/AndroidManifest.xml:51:13-45
66            android:configChanges="orientation|screenSize|keyboardHidden"
66-->src/main/AndroidManifest.xml:53:13-74
67            android:exported="false" />
67-->src/main/AndroidManifest.xml:52:13-37
68
69        <!-- v1.0.4：设置页面 -->
70        <activity
70-->src/main/AndroidManifest.xml:56:9-59:77
71            android:name="com.example.musicplugin.SettingsActivity"
71-->src/main/AndroidManifest.xml:57:13-45
72            android:configChanges="orientation|screenSize|keyboardHidden"
72-->src/main/AndroidManifest.xml:59:13-74
73            android:exported="false" />
73-->src/main/AndroidManifest.xml:58:13-37
74
75        <!-- v1.1.4：PV 搜索板块（内置 VideoView 播放，支持横竖屏） -->
76        <activity
76-->src/main/AndroidManifest.xml:62:9-65:77
77            android:name="com.example.musicplugin.PvSearchActivity"
77-->src/main/AndroidManifest.xml:63:13-45
78            android:configChanges="orientation|screenSize|keyboardHidden"
78-->src/main/AndroidManifest.xml:65:13-74
79            android:exported="false" />
79-->src/main/AndroidManifest.xml:64:13-37
80
81        <!-- v1.1.7：听歌识曲页面 -->
82        <activity
82-->src/main/AndroidManifest.xml:68:9-71:77
83            android:name="com.example.musicplugin.RecognizeActivity"
83-->src/main/AndroidManifest.xml:69:13-46
84            android:configChanges="orientation|screenSize|keyboardHidden"
84-->src/main/AndroidManifest.xml:71:13-74
85            android:exported="false" />
85-->src/main/AndroidManifest.xml:70:13-37
86
87        <!-- v1.2.7：HTML 介绍页（WebView 加载 assets/intro.html） -->
88        <activity
88-->src/main/AndroidManifest.xml:74:9-77:77
89            android:name="com.example.musicplugin.HtmlIntroActivity"
89-->src/main/AndroidManifest.xml:75:13-46
90            android:configChanges="orientation|screenSize|keyboardHidden"
90-->src/main/AndroidManifest.xml:77:13-74
91            android:exported="false" />
91-->src/main/AndroidManifest.xml:76:13-37
92
93        <!-- v1.1.7：听歌识曲全局悬浮球服务 -->
94        <service
94-->src/main/AndroidManifest.xml:80:9-83:58
95            android:name="com.example.musicplugin.RecognizeFloatingService"
95-->src/main/AndroidManifest.xml:81:13-53
96            android:exported="false"
96-->src/main/AndroidManifest.xml:82:13-37
97            android:foregroundServiceType="microphone" />
97-->src/main/AndroidManifest.xml:83:13-55
98        <service
98-->src/main/AndroidManifest.xml:85:9-92:19
99            android:name="com.example.musicplugin.MusicService"
99-->src/main/AndroidManifest.xml:86:13-41
100            android:exported="false"
100-->src/main/AndroidManifest.xml:87:13-37
101            android:foregroundServiceType="mediaPlayback" >
101-->src/main/AndroidManifest.xml:88:13-58
102            <intent-filter>
102-->src/main/AndroidManifest.xml:89:13-91:29
103                <action android:name="android.intent.action.MEDIA_BUTTON" />
103-->src/main/AndroidManifest.xml:90:17-77
103-->src/main/AndroidManifest.xml:90:25-74
104            </intent-filter>
105        </service>
106
107        <!-- v1.2.8：桌面歌词悬浮服务 -->
108        <service
108-->src/main/AndroidManifest.xml:95:9-102:19
109            android:name="com.example.musicplugin.DesktopLyricService"
109-->src/main/AndroidManifest.xml:96:13-48
110            android:exported="false"
110-->src/main/AndroidManifest.xml:97:13-37
111            android:foregroundServiceType="specialUse" >
111-->src/main/AndroidManifest.xml:98:13-55
112            <property
112-->src/main/AndroidManifest.xml:99:13-101:49
113                android:name="android.app.PROPERTY_SPECIAL_USE_FGS_SUBTYPE"
113-->src/main/AndroidManifest.xml:100:17-76
114                android:value="desktop_lyric" />
114-->src/main/AndroidManifest.xml:101:17-46
115        </service>
116
117        <provider
117-->[androidx.emoji2:emoji2:1.3.0] AndroidManifest.xml:24:9-32:20
118            android:name="androidx.startup.InitializationProvider"
118-->[androidx.emoji2:emoji2:1.3.0] AndroidManifest.xml:25:13-67
119            android:authorities="com.example.musicplugin.androidx-startup"
119-->[androidx.emoji2:emoji2:1.3.0] AndroidManifest.xml:26:13-68
120            android:exported="false" >
120-->[androidx.emoji2:emoji2:1.3.0] AndroidManifest.xml:27:13-37
121            <meta-data
121-->[androidx.emoji2:emoji2:1.3.0] AndroidManifest.xml:29:13-31:52
122                android:name="androidx.emoji2.text.EmojiCompatInitializer"
122-->[androidx.emoji2:emoji2:1.3.0] AndroidManifest.xml:30:17-75
123                android:value="androidx.startup" />
123-->[androidx.emoji2:emoji2:1.3.0] AndroidManifest.xml:31:17-49
124            <meta-data
124-->[androidx.lifecycle:lifecycle-process:2.6.2] AndroidManifest.xml:29:13-31:52
125                android:name="androidx.lifecycle.ProcessLifecycleInitializer"
125-->[androidx.lifecycle:lifecycle-process:2.6.2] AndroidManifest.xml:30:17-78
126                android:value="androidx.startup" />
126-->[androidx.lifecycle:lifecycle-process:2.6.2] AndroidManifest.xml:31:17-49
127            <meta-data
127-->[androidx.profileinstaller:profileinstaller:1.3.1] AndroidManifest.xml:29:13-31:52
128                android:name="androidx.profileinstaller.ProfileInstallerInitializer"
128-->[androidx.profileinstaller:profileinstaller:1.3.1] AndroidManifest.xml:30:17-85
129                android:value="androidx.startup" />
129-->[androidx.profileinstaller:profileinstaller:1.3.1] AndroidManifest.xml:31:17-49
130        </provider>
131
132        <receiver
132-->[androidx.profileinstaller:profileinstaller:1.3.1] AndroidManifest.xml:34:9-52:20
133            android:name="androidx.profileinstaller.ProfileInstallReceiver"
133-->[androidx.profileinstaller:profileinstaller:1.3.1] AndroidManifest.xml:35:13-76
134            android:directBootAware="false"
134-->[androidx.profileinstaller:profileinstaller:1.3.1] AndroidManifest.xml:36:13-44
135            android:enabled="true"
135-->[androidx.profileinstaller:profileinstaller:1.3.1] AndroidManifest.xml:37:13-35
136            android:exported="true"
136-->[androidx.profileinstaller:profileinstaller:1.3.1] AndroidManifest.xml:38:13-36
137            android:permission="android.permission.DUMP" >
137-->[androidx.profileinstaller:profileinstaller:1.3.1] AndroidManifest.xml:39:13-57
138            <intent-filter>
138-->[androidx.profileinstaller:profileinstaller:1.3.1] AndroidManifest.xml:40:13-42:29
139                <action android:name="androidx.profileinstaller.action.INSTALL_PROFILE" />
139-->[androidx.profileinstaller:profileinstaller:1.3.1] AndroidManifest.xml:41:17-91
139-->[androidx.profileinstaller:profileinstaller:1.3.1] AndroidManifest.xml:41:25-88
140            </intent-filter>
141            <intent-filter>
141-->[androidx.profileinstaller:profileinstaller:1.3.1] AndroidManifest.xml:43:13-45:29
142                <action android:name="androidx.profileinstaller.action.SKIP_FILE" />
142-->[androidx.profileinstaller:profileinstaller:1.3.1] AndroidManifest.xml:44:17-85
142-->[androidx.profileinstaller:profileinstaller:1.3.1] AndroidManifest.xml:44:25-82
143            </intent-filter>
144            <intent-filter>
144-->[androidx.profileinstaller:profileinstaller:1.3.1] AndroidManifest.xml:46:13-48:29
145                <action android:name="androidx.profileinstaller.action.SAVE_PROFILE" />
145-->[androidx.profileinstaller:profileinstaller:1.3.1] AndroidManifest.xml:47:17-88
145-->[androidx.profileinstaller:profileinstaller:1.3.1] AndroidManifest.xml:47:25-85
146            </intent-filter>
147            <intent-filter>
147-->[androidx.profileinstaller:profileinstaller:1.3.1] AndroidManifest.xml:49:13-51:29
148                <action android:name="androidx.profileinstaller.action.BENCHMARK_OPERATION" />
148-->[androidx.profileinstaller:profileinstaller:1.3.1] AndroidManifest.xml:50:17-95
148-->[androidx.profileinstaller:profileinstaller:1.3.1] AndroidManifest.xml:50:25-92
149            </intent-filter>
150        </receiver>
151    </application>
152
153</manifest>